2026-06-08 11:52:30,782 [INFO] === PPA Tracker pipeline starting (env: PROD) ===
2026-06-08 11:52:30,782 [INFO] Searching from 2026-06-08 to present with 3 loockback days
2026-06-08 11:52:30,991 [INFO] NewsAPI 'PPA signed Europe renewable': 0 results
2026-06-08 11:52:32,215 [INFO] NewsAPI 'power purchase agreement signed Europe': 0 results
2026-06-08 11:52:33,429 [INFO] NewsAPI 'corporate PPA Europe signed deal': 0 results
2026-06-08 11:52:34,675 [INFO] Google News RSS [en] https://news.google.com/rss/search?q=PPA%20signed%20Europe%20after%3A2026-06-08&hl=en&gl=US&ceid=US:en: 0 results
2026-06-08 11:52:37,005 [INFO] Google News RSS [en] https://news.google.com/rss/search?q=power%20purchase%20agreement%20signed%20Europe%20after%3A2026-06-08&hl=en&gl=US&ceid=US:en: 11 results
2026-06-08 11:52:39,208 [INFO] Google News RSS [de] https://news.google.com/rss/search?q=PPA%20unterzeichnet%20Deutschland%20after%3A2026-06-08&hl=de&gl=DE&ceid=DE:de: 0 results
2026-06-08 11:52:41,427 [INFO] Google News RSS [fr] https://news.google.com/rss/search?q=PPA%20sign%C3%A9%20France%20after%3A2026-06-08&hl=fr&gl=FR&ceid=FR:fr: 0 results
2026-06-08 11:52:43,647 [INFO] Google News RSS [es] https://news.google.com/rss/search?q=PPA%20firmado%20Espana%20after%3A2026-06-08&hl=es&gl=ES&ceid=ES:es: 0 results
2026-06-08 11:52:45,852 [INFO] Google News RSS [it] https://news.google.com/rss/search?q=PPA%20firmato%20Italia%20after%3A2026-06-08&hl=it&gl=IT&ceid=IT:it: 0 results
2026-06-08 11:52:48,093 [INFO] Google News RSS [pl] https://news.google.com/rss/search?q=PPA%20podpisany%20Polen%20after%3A2026-06-08&hl=pl&gl=PL&ceid=PL:pl: 0 results
2026-06-08 11:52:50,302 [INFO] Google News RSS [nl] https://news.google.com/rss/search?q=PPA%20ondertekend%20Niederlanden%20after%3A2026-06-08&hl=nl&gl=NL&ceid=NL:nl: 0 results
2026-06-08 11:52:52,535 [INFO] Google News RSS [pt] https://news.google.com/rss/search?q=PPA%20assinado%20Portugal%20after%3A2026-06-08&hl=pt&gl=PT&ceid=PT:pt: 0 results
2026-06-08 11:52:54,536 [INFO] Total raw articles collected: 11
2026-06-08 11:52:54,730 [INFO] Extra RSS [energymonitor.ai]: 2 results
2026-06-08 11:52:56,237 [INFO] Extra RSS [elperiodicodelaenergia.com]: 4 results
2026-06-08 11:52:57,238 [INFO] Unique unseen articles: 0
2026-06-08 11:52:57,238 [INFO] Run complete. New deals: 0, Updates: 0
2026-06-08 11:52:57,238 [INFO] CSV exported: /home/runner/work/ppa-tracker/ppa-tracker/data/ppa_deals.csv (3 deals)
2026-06-08 11:52:57,938 [INFO] Run summary email sent to andrea.mangipinto@gmail.com
