2026-06-07 09:57:15,163 [INFO] === PPA Tracker pipeline starting (env: PROD) ===
2026-06-07 09:57:15,164 [INFO] Searching from 2026-06-07 to present with 3 loockback days
2026-06-07 09:57:15,229 [INFO] NewsAPI 'PPA signed Europe renewable': 0 results
2026-06-07 09:57:16,286 [INFO] NewsAPI 'power purchase agreement signed Europe': 0 results
2026-06-07 09:57:17,339 [INFO] NewsAPI 'corporate PPA Europe signed deal': 0 results
2026-06-07 09:57:18,625 [INFO] Google News RSS [en] https://news.google.com/rss/search?q=PPA%20signed%20Europe%20after%3A2026-06-07&hl=en&gl=US&ceid=US:en: 0 results
2026-06-07 09:57:20,928 [INFO] Google News RSS [en] https://news.google.com/rss/search?q=power%20purchase%20agreement%20signed%20Europe%20after%3A2026-06-07&hl=en&gl=US&ceid=US:en: 0 results
2026-06-07 09:57:23,140 [INFO] Google News RSS [de] https://news.google.com/rss/search?q=PPA%20unterzeichnet%20Deutschland%20after%3A2026-06-07&hl=de&gl=DE&ceid=DE:de: 0 results
2026-06-07 09:57:25,444 [INFO] Google News RSS [fr] https://news.google.com/rss/search?q=PPA%20sign%C3%A9%20France%20after%3A2026-06-07&hl=fr&gl=FR&ceid=FR:fr: 0 results
2026-06-07 09:57:27,666 [INFO] Google News RSS [es] https://news.google.com/rss/search?q=PPA%20firmado%20Espana%20after%3A2026-06-07&hl=es&gl=ES&ceid=ES:es: 0 results
2026-06-07 09:57:29,860 [INFO] Google News RSS [it] https://news.google.com/rss/search?q=PPA%20firmato%20Italia%20after%3A2026-06-07&hl=it&gl=IT&ceid=IT:it: 0 results
2026-06-07 09:57:32,031 [INFO] Google News RSS [pl] https://news.google.com/rss/search?q=PPA%20podpisany%20Polen%20after%3A2026-06-07&hl=pl&gl=PL&ceid=PL:pl: 0 results
2026-06-07 09:57:34,232 [INFO] Google News RSS [nl] https://news.google.com/rss/search?q=PPA%20ondertekend%20Niederlanden%20after%3A2026-06-07&hl=nl&gl=NL&ceid=NL:nl: 0 results
2026-06-07 09:57:36,483 [INFO] Google News RSS [pt] https://news.google.com/rss/search?q=PPA%20assinado%20Portugal%20after%3A2026-06-07&hl=pt&gl=PT&ceid=PT:pt: 0 results
2026-06-07 09:57:38,483 [INFO] Total raw articles collected: 0
2026-06-07 09:57:38,632 [INFO] Extra RSS [energymonitor.ai]: 2 results
2026-06-07 09:57:40,236 [INFO] Extra RSS [elperiodicodelaenergia.com]: 2 results
2026-06-07 09:57:41,237 [INFO] Unique unseen articles: 0
2026-06-07 09:57:41,237 [INFO] Run complete. New deals: 0, Updates: 0
2026-06-07 09:57:41,237 [INFO] CSV exported: /home/runner/work/ppa-tracker/ppa-tracker/data/ppa_deals.csv (1 deals)
2026-06-07 09:57:42,528 [INFO] Run summary email sent to andrea.mangipinto@gmail.com
